<?xml version="1.0" encoding="UTF-8"?>
<testsuites name="jest tests" tests="5" failures="5" errors="0" time="1.174">
  <testsuite name="ClientSideFDC3Security" errors="0" failures="5" skipped="0" timestamp="2025-07-22T16:08:38" time="1.128" tests="5">
    <testcase classname="ClientSideFDC3Security constructor should create instance with valid parameters" name="ClientSideFDC3Security constructor should create instance with valid parameters" time="0.001">
      <failure>TypeError: non-extractable CryptoKey cannot be exported as a JWK
    at keyToJWK (/Users/rob/Documents/finos/fdc3-general/FDC3/node_modules/jose/dist/webapi/lib/key_to_jwk.js:23:15)
    at Module.exportJWK (/Users/rob/Documents/finos/fdc3-general/FDC3/node_modules/jose/dist/webapi/key/export.js:10:12)
    at Object.&lt;anonymous&gt; (/Users/rob/Documents/finos/fdc3-general/FDC3/toolbox/fdc3-security-implementation/test/ClientSideFDC3Security.test.ts:29:39)</failure>
    </testcase>
    <testcase classname="ClientSideFDC3Security constructor should throw error when public key lacks kid property" name="ClientSideFDC3Security constructor should throw error when public key lacks kid property" time="0">
      <failure>TypeError: non-extractable CryptoKey cannot be exported as a JWK
    at keyToJWK (/Users/rob/Documents/finos/fdc3-general/FDC3/node_modules/jose/dist/webapi/lib/key_to_jwk.js:23:15)
    at Module.exportJWK (/Users/rob/Documents/finos/fdc3-general/FDC3/node_modules/jose/dist/webapi/key/export.js:10:12)
    at Object.&lt;anonymous&gt; (/Users/rob/Documents/finos/fdc3-general/FDC3/toolbox/fdc3-security-implementation/test/ClientSideFDC3Security.test.ts:29:39)</failure>
    </testcase>
    <testcase classname="ClientSideFDC3Security constructor should use default validity time limit when not provided" name="ClientSideFDC3Security constructor should use default validity time limit when not provided" time="0">
      <failure>TypeError: non-extractable CryptoKey cannot be exported as a JWK
    at keyToJWK (/Users/rob/Documents/finos/fdc3-general/FDC3/node_modules/jose/dist/webapi/lib/key_to_jwk.js:23:15)
    at Module.exportJWK (/Users/rob/Documents/finos/fdc3-general/FDC3/node_modules/jose/dist/webapi/key/export.js:10:12)
    at Object.&lt;anonymous&gt; (/Users/rob/Documents/finos/fdc3-general/FDC3/toolbox/fdc3-security-implementation/test/ClientSideFDC3Security.test.ts:29:39)</failure>
    </testcase>
    <testcase classname="ClientSideFDC3Security integration should sign and then check a context using two instances" name="ClientSideFDC3Security integration should sign and then check a context using two instances" time="0">
      <failure>TypeError: non-extractable CryptoKey cannot be exported as a JWK
    at keyToJWK (/Users/rob/Documents/finos/fdc3-general/FDC3/node_modules/jose/dist/webapi/lib/key_to_jwk.js:23:15)
    at Module.exportJWK (/Users/rob/Documents/finos/fdc3-general/FDC3/node_modules/jose/dist/webapi/key/export.js:10:12)
    at Object.&lt;anonymous&gt; (/Users/rob/Documents/finos/fdc3-general/FDC3/toolbox/fdc3-security-implementation/test/ClientSideFDC3Security.test.ts:29:39)</failure>
    </testcase>
    <testcase classname="ClientSideFDC3Security integration should encrypt and then decrypt a context using two instances" name="ClientSideFDC3Security integration should encrypt and then decrypt a context using two instances" time="0">
      <failure>TypeError: non-extractable CryptoKey cannot be exported as a JWK
    at keyToJWK (/Users/rob/Documents/finos/fdc3-general/FDC3/node_modules/jose/dist/webapi/lib/key_to_jwk.js:23:15)
    at Module.exportJWK (/Users/rob/Documents/finos/fdc3-general/FDC3/node_modules/jose/dist/webapi/key/export.js:10:12)
    at Object.&lt;anonymous&gt; (/Users/rob/Documents/finos/fdc3-general/FDC3/toolbox/fdc3-security-implementation/test/ClientSideFDC3Security.test.ts:29:39)</failure>
    </testcase>
  </testsuite>
</testsuites>