<?xml version="1.0" encoding="UTF-8"?>
<testsuites name="jest tests" tests="10" failures="0" errors="0" time="4.82">
  <testsuite name="ClientSideFDC3Security" errors="0" failures="0" skipped="0" timestamp="2025-08-26T10:57:38" time="4.508" tests="10">
    <testcase classname="ClientSideFDC3Security constructor should create instance with valid parameters" name="ClientSideFDC3Security constructor should create instance with valid parameters" time="0.001">
    </testcase>
    <testcase classname="ClientSideFDC3Security constructor should throw error when signing public key has no kid" name="ClientSideFDC3Security constructor should throw error when signing public key has no kid" time="0.001">
    </testcase>
    <testcase classname="ClientSideFDC3Security constructor should throw error when wrapping public key has no kid" name="ClientSideFDC3Security constructor should throw error when wrapping public key has no kid" time="0">
    </testcase>
    <testcase classname="ClientSideFDC3Security integration should sign and then check a context using two instances" name="ClientSideFDC3Security integration should sign and then check a context using two instances" time="0.01">
    </testcase>
    <testcase classname="ClientSideFDC3Security integration should encrypt and then decrypt a context using two instances" name="ClientSideFDC3Security integration should encrypt and then decrypt a context using two instances" time="0.002">
    </testcase>
    <testcase classname="ClientSideFDC3Security integration should wrap and then unwrap a symmetric key using two instances" name="ClientSideFDC3Security integration should wrap and then unwrap a symmetric key using two instances" time="0.002">
    </testcase>
    <testcase classname="ClientSideFDC3Security integration should handle malformed signatures gracefully" name="ClientSideFDC3Security integration should handle malformed signatures gracefully" time="0.001">
    </testcase>
    <testcase classname="ClientSideFDC3Security integration should reject signatures that are too old" name="ClientSideFDC3Security integration should reject signatures that are too old" time="3.006">
    </testcase>
    <testcase classname="ClientSideFDC3Security integration should reject signatures with header missing required fields" name="ClientSideFDC3Security integration should reject signatures with header missing required fields" time="0.001">
    </testcase>
    <testcase classname="ClientSideFDC3Security integration should create and verify a JWT token" name="ClientSideFDC3Security integration should create and verify a JWT token" time="0.014">
    </testcase>
  </testsuite>
</testsuites>